\BOOKMARK [0][-]{chapter.1}{\376\377\000L\000i\000c\000e\000n\000s\000e\000:\000\040\000G\000P\000L\000v\0003}{}% 1
\BOOKMARK [0][-]{chapter.2}{\376\377\000I\000n\000s\000t\000a\000l\000l\000a\000t\000i\000o\000n}{}% 2
\BOOKMARK [1][-]{section.2.1}{\376\377\000I\000n\000s\000t\000a\000l\000l\000\040\000l\000u\000x\000p\000y}{chapter.2}% 3
\BOOKMARK [1][-]{section.2.2}{\376\377\000U\000s\000e\000\040\000o\000f\000\040\000L\000u\000x\000P\000y\000\040\000p\000a\000c\000k\000a\000g\000e\000\040\000i\000n\000\040\000S\000p\000y\000d\000e\000r\000\040\000I\000D\000E}{chapter.2}% 4
\BOOKMARK [1][-]{section.2.3}{\376\377\000U\000s\000e\000\040\000o\000f\000\040\000L\000u\000x\000P\000y\000\040\000p\000a\000c\000k\000a\000g\000e\000\040\000i\000n\000\040\000J\000u\000p\000y\000t\000e\000r\000\040\000n\000o\000t\000e\000b\000o\000o\000k}{chapter.2}% 5
\BOOKMARK [0][-]{chapter.3}{\376\377\000I\000m\000p\000o\000r\000t\000e\000d\000\040\000\050\000r\000e\000q\000u\000i\000r\000e\000d\000\051\000\040\000p\000a\000c\000k\000a\000g\000e\000s}{}% 6
\BOOKMARK [1][-]{section.3.1}{\376\377\000C\000o\000r\000e}{chapter.3}% 7
\BOOKMARK [1][-]{section.3.2}{\376\377\0003\000e\000\040\000p\000a\000r\000t\000y}{chapter.3}% 8
\BOOKMARK [0][-]{chapter.4}{\376\377\000L\000u\000x\000p\000y\000\040\000p\000a\000c\000k\000a\000g\000e\000\040\000s\000t\000r\000u\000c\000t\000u\000r\000e}{}% 9
\BOOKMARK [1][-]{section.4.1}{\376\377\000U\000t\000i\000l\000s\000\040\000s\000u\000b\000-\000p\000a\000c\000k\000a\000g\000e}{chapter.4}% 10
\BOOKMARK [2][-]{subsection.4.1.1}{\376\377\000h\000e\000l\000p\000e\000r\000s\000/}{section.4.1}% 11
\BOOKMARK [2][-]{subsection.4.1.2}{\376\377\000m\000a\000t\000h\000/}{section.4.1}% 12
\BOOKMARK [1][-]{section.4.2}{\376\377\000S\000p\000e\000c\000t\000r\000u\000m\000\040\000s\000u\000b\000-\000p\000a\000c\000k\000a\000g\000e}{chapter.4}% 13
\BOOKMARK [2][-]{subsection.4.2.1}{\376\377\000b\000a\000s\000i\000c\000s\000/}{section.4.2}% 14
\BOOKMARK [1][-]{section.4.3}{\376\377\000C\000o\000l\000o\000r\000\040\000s\000u\000b\000-\000p\000a\000c\000k\000a\000g\000e}{chapter.4}% 15
\BOOKMARK [2][-]{subsection.4.3.1}{\376\377\000u\000t\000i\000l\000s\000/}{section.4.3}% 16
\BOOKMARK [2][-]{subsection.4.3.2}{\376\377\000c\000t\000f\000/}{section.4.3}% 17
\BOOKMARK [2][-]{subsection.4.3.3}{\376\377\000c\000c\000t\000/}{section.4.3}% 18
\BOOKMARK [2][-]{subsection.4.3.4}{\376\377\000c\000a\000t\000/}{section.4.3}% 19
\BOOKMARK [2][-]{subsection.4.3.5}{\376\377\000c\000a\000m\000/}{section.4.3}% 20
\BOOKMARK [2][-]{subsection.4.3.6}{\376\377\000d\000e\000l\000t\000a\000E\000/}{section.4.3}% 21
\BOOKMARK [2][-]{subsection.4.3.7}{\376\377\000c\000r\000i\000/}{section.4.3}% 22
\BOOKMARK [2][-]{subsection.4.3.8}{\376\377\000c\000r\000i\000/\000V\000F\000P\000X\000/}{section.4.3}% 23
\BOOKMARK [1][-]{section.4.4}{\376\377\000C\000l\000a\000s\000s\000e\000s}{chapter.4}% 24
\BOOKMARK [1][-]{section.4.5}{\376\377\000T\000o\000o\000l\000b\000o\000x\000e\000s}{chapter.4}% 25
\BOOKMARK [2][-]{subsection.4.5.1}{\376\377\000p\000h\000o\000t\000b\000i\000o\000c\000h\000e\000m\000/}{section.4.5}% 26
\BOOKMARK [2][-]{subsection.4.5.2}{\376\377\000i\000n\000d\000v\000c\000m\000f\000/}{section.4.5}% 27
\BOOKMARK [2][-]{subsection.4.5.3}{\376\377\000s\000p\000d\000b\000u\000i\000l\000d\000/}{section.4.5}% 28
\BOOKMARK [2][-]{subsection.4.5.4}{\376\377\000h\000y\000p\000s\000p\000c\000i\000m\000/}{section.4.5}% 29
\BOOKMARK [0][-]{chapter.5}{\376\377\000I\000n\000d\000i\000c\000e\000s\000\040\000a\000n\000d\000\040\000t\000a\000b\000l\000e\000s}{}% 30
\BOOKMARK [0][-]{section*.246}{\376\377\000P\000y\000t\000h\000o\000n\000\040\000M\000o\000d\000u\000l\000e\000\040\000I\000n\000d\000e\000x}{}% 31
