2020-04-07 20:36:19,544 - matplotlib.legend - WARNING - No handles with labels found to put in legend.
2020-04-07 20:37:20,794 - matplotlib.legend - WARNING - No handles with labels found to put in legend.
2020-04-07 20:37:43,260 - matplotlib.legend - WARNING - No handles with labels found to put in legend.
2020-04-09 19:40:13,354 - pyswarms.single.global_best - INFO - Optimize for 1000 iters with {'c1': 0.5, 'c2': 0.3, 'w': 0.9}
2020-04-09 19:43:05,916 - pyswarms.single.global_best - INFO - Optimization finished | best cost: 0.005144475874029146, best pos: [7.9025e-02 4.8414e-01 3.6807e-01 4.9869e-01 4.4529e+02 6.6295e+02
 5.0718e+02 5.5483e+02 3.0359e+01 4.2370e+01 7.4426e+00 7.6616e+01]
2020-04-09 19:52:58,575 - pyswarms.single.global_best - INFO - Optimize for 1000 iters with {'c1': 0.5, 'c2': 0.3, 'w': 0.9}
2020-04-09 19:53:30,341 - pyswarms.single.global_best - INFO - Optimize for 1000 iters with {'c1': 0.5, 'c2': 0.3, 'w': 0.9}
2020-04-09 19:55:47,656 - pyswarms.single.global_best - INFO - Optimization finished | best cost: 0.006186134101531377, best pos: [6.1686e-01 4.0171e-01 8.0337e-01 4.2401e-02 6.6672e+02 5.2505e+02
 4.4212e+02 5.9115e+02 6.3375e+01 6.7717e+01 2.6247e+01 5.2958e+01]
2020-04-09 19:55:53,402 - pyswarms.single.global_best - INFO - Optimization finished | best cost: 0.0052686525631164315, best pos: [5.7257e-01 5.0587e-01 3.9834e-01 2.0685e-01 6.3380e+02 6.3564e+02
 5.3223e+02 4.4979e+02 5.4627e+01 8.0802e+01 3.4118e+01 4.7774e+01]
2020-04-09 20:05:44,075 - pyswarms.single.global_best - INFO - Optimize for 1000 iters with {'c1': 0.5, 'c2': 0.3, 'w': 0.9}
2020-04-09 20:06:24,234 - pyswarms.single.global_best - INFO - Optimize for 1000 iters with {'c1': 0.5, 'c2': 0.3, 'w': 0.9}
2020-04-09 20:07:44,329 - pyswarms.single.global_best - INFO - Optimization finished | best cost: 0.003165033683200525, best pos: [5.2917e-01 6.0087e-01 7.8738e-01 3.2259e-01 6.2359e+02 5.9211e+02
 5.3028e+02 4.5297e+02 4.4527e+01 6.4207e+01 2.1857e+01 4.6819e+01]
2020-04-09 20:09:22,647 - pyswarms.single.global_best - INFO - Optimize for 1000 iters with {'c1': 0.5, 'c2': 0.3, 'w': 0.9}
2020-04-09 20:09:34,959 - pyswarms.single.global_best - INFO - Optimization finished | best cost: 0.007271074271644368, best pos: [5.2108e-01 6.9539e-01 7.6964e-01 3.9498e-03 6.5567e+02 5.3223e+02
 6.3385e+02 4.4339e+02 5.3816e+01 6.1457e+01 7.6206e+01 3.6178e+01]
2020-04-09 20:10:53,577 - pyswarms.single.global_best - INFO - Optimize for 1000 iters with {'c1': 0.5, 'c2': 0.3, 'w': 0.9}
2020-04-09 20:11:51,210 - pyswarms.single.global_best - INFO - Optimization finished | best cost: 0.003149479128011063, best pos: [5.3809e-01 6.2637e-01 5.6508e-01 7.2619e-01 4.4173e+02 5.3706e+02
 4.9142e+02 6.4278e+02 2.4569e+01 4.4975e+01 6.7369e+01 5.8156e+01]
2020-04-09 20:13:13,185 - pyswarms.single.global_best - INFO - Optimization finished | best cost: 0.004897863593218737, best pos: [2.2735e-01 6.6660e-01 4.9149e-01 4.6972e-01 6.6411e+02 4.5533e+02
 5.4546e+02 6.2340e+02 5.2326e+01 5.3057e+01 3.9030e+01 2.2632e+01]
2020-04-09 20:14:19,222 - pyswarms.single.global_best - INFO - Optimize for 1000 iters with {'c1': 0.5, 'c2': 0.3, 'w': 0.9}
2020-04-09 20:16:34,279 - pyswarms.single.global_best - INFO - Optimization finished | best cost: 0.0054628916920918345, best pos: [3.9626e-01 1.8158e-01 7.8006e-01 1.2972e-01 5.4825e+02 4.4607e+02
 6.3128e+02 4.5780e+02 4.0556e+01 6.6516e+01 2.8524e+01 6.1127e+01]
2020-04-09 20:18:37,238 - pyswarms.single.global_best - INFO - Optimize for 1000 iters with {'c1': 0.5, 'c2': 0.3, 'w': 0.9}
2020-04-09 20:19:29,829 - pyswarms.single.global_best - INFO - Optimize for 1000 iters with {'c1': 0.5, 'c2': 0.3, 'w': 0.9}
2020-04-09 20:20:45,287 - pyswarms.single.global_best - INFO - Optimization finished | best cost: 0.002100072604018425, best pos: [5.2721e-01 3.6633e-01 3.0161e-01 1.6709e-01 4.4137e+02 5.3564e+02
 6.3717e+02 4.8854e+02 2.6378e+01 5.8850e+01 3.8383e+01 8.8359e+01]
2020-04-09 20:22:26,448 - pyswarms.single.global_best - INFO - Optimization finished | best cost: 0.017416429193888323, best pos: [4.1910e-01 3.8209e-01 2.8739e-01 3.0390e-01 5.5990e+02 4.4869e+02
 4.5178e+02 6.6551e+02 5.9041e+01 7.7569e+01 8.7434e+01 4.5211e+01]
2020-04-09 20:23:32,718 - pyswarms.single.global_best - INFO - Optimize for 1000 iters with {'c1': 0.5, 'c2': 0.3, 'w': 0.9}
2020-04-09 20:24:45,744 - pyswarms.single.global_best - INFO - Optimization finished | best cost: 0.014246859116447696, best pos: [7.5286e-01 1.6701e-02 7.3497e-01 5.5761e-01 4.2750e+02 6.2583e+02
 5.3435e+02 5.1563e+02 7.1107e+01 4.0850e+01 4.4434e+01 6.0821e+01]
2020-04-09 20:26:01,533 - pyswarms.single.global_best - INFO - Optimize for 1000 iters with {'c1': 0.5, 'c2': 0.3, 'w': 0.9}
2020-04-09 20:28:54,773 - pyswarms.single.global_best - INFO - Optimization finished | best cost: 0.004073563886096435, best pos: [1.8058e-01 6.2244e-01 5.3278e-01 1.9474e-01 6.2426e+02 4.5819e+02
 5.4079e+02 6.2593e+02 3.1119e+01 5.4414e+01 2.7666e+01 4.4836e+01]
2020-04-09 20:28:54,804 - pyswarms.single.global_best - INFO - Optimize for 1000 iters with {'c1': 0.5, 'c2': 0.3, 'w': 0.9}
2020-04-09 20:30:42,888 - pyswarms.single.global_best - INFO - Optimization finished | best cost: 0.002611931575236867, best pos: [5.5441e-01 6.0944e-01 5.0925e-01 4.9108e-01 6.2742e+02 5.3286e+02
 5.2895e+02 4.4228e+02 3.4207e+01 3.6811e+01 8.9633e+01 3.6026e+01]
2020-04-09 21:22:44,503 - pyswarms.single.global_best - INFO - Optimize for 1000 iters with {'c1': 0.5, 'c2': 0.3, 'w': 0.9}
2020-04-09 21:25:34,405 - pyswarms.single.global_best - INFO - Optimization finished | best cost: 1.43562327308605e-18, best pos: [3.6692e-01 2.0537e-01 4.7758e-01 7.9050e-01 6.2951e+02 5.3046e+02
 4.5024e+02 6.2048e+02 3.3771e+01 6.5420e+01 3.7353e+01 6.8674e+01]
2020-04-09 21:45:18,972 - pyswarms.single.global_best - INFO - Optimize for 1000 iters with {'c1': 0.5, 'c2': 0.3, 'w': 0.9}
2020-04-09 21:47:50,961 - pyswarms.single.global_best - INFO - Optimization finished | best cost: 0.0013234898016517393, best pos: [6.9418e-01 6.6555e-01 4.8887e-01 5.2318e-01 6.3751e+02 4.5054e+02
 5.2733e+02 4.0036e+02 4.8854e+01 1.6059e+01 5.3232e+01 7.9460e+01]
2020-04-10 21:02:22,514 - pyswarms.single.global_best - INFO - Optimize for 1000 iters with {'c1': 0.5, 'c2': 0.3, 'w': 0.9}
2020-04-10 21:05:09,854 - pyswarms.single.global_best - INFO - Optimization finished | best cost: 0.004847141917689972, best pos: [6.0985e-01 2.9418e-01 5.9709e-01 1.0445e-01 5.1977e+02 6.4541e+02
 5.3304e+02 4.3939e+02 6.4123e+01 5.5943e+01 5.3574e+01 2.7820e+01]
2020-04-10 21:08:43,709 - pyswarms.single.global_best - INFO - Optimize for 1000 iters with {'c1': 0.5, 'c2': 0.3, 'w': 0.9}
2020-04-10 21:11:17,947 - pyswarms.single.global_best - INFO - Optimization finished | best cost: 0.005977428388579621, best pos: [5.1141e-01 3.2185e-01 4.5512e-01 7.4434e-02 5.4639e+02 6.3080e+02
 4.4608e+02 5.4767e+02 4.6039e+01 2.5347e+01 6.2850e+01 7.9313e+01]
2020-04-10 21:11:19,094 - pyswarms.single.global_best - INFO - Optimize for 1000 iters with {'c1': 0.5, 'c2': 0.3, 'w': 0.9}
2020-04-10 21:16:41,947 - pyswarms.single.global_best - INFO - Optimize for 1000 iters with {'c1': 0.5, 'c2': 0.3, 'w': 0.9}
2020-04-10 21:17:07,656 - pyswarms.single.global_best - INFO - Optimize for 1000 iters with {'c1': 0.5, 'c2': 0.3, 'w': 0.9}
2020-04-10 21:19:41,067 - pyswarms.single.global_best - INFO - Optimize for 1000 iters with {'c1': 0.5, 'c2': 0.3, 'w': 0.9}
2020-04-10 21:20:00,664 - pyswarms.single.global_best - INFO - Optimize for 1000 iters with {'c1': 0.5, 'c2': 0.3, 'w': 0.9}
2020-04-10 21:20:43,549 - pyswarms.single.global_best - INFO - Optimize for 1000 iters with {'c1': 0.5, 'c2': 0.3, 'w': 0.9}
2020-04-10 21:22:33,089 - pyswarms.single.global_best - INFO - Optimization finished | best cost: 1.43562327308605e-18, best pos: [2.5714e-01 1.5663e-01 4.6689e-01 5.1719e-01 5.2316e+02 4.4713e+02
 5.3822e+02 6.2730e+02 5.1696e+01 5.3738e+01 7.5221e+01 5.1391e+01]
2020-04-10 21:25:16,891 - pyswarms.single.global_best - INFO - Optimize for 1000 iters with {'c1': 0.5, 'c2': 0.3, 'w': 0.9}
2020-04-10 21:31:06,012 - pyswarms.single.global_best - INFO - Optimize for 1000 iters with {'c1': 0.5, 'c2': 0.3, 'w': 0.9}
2020-04-10 21:33:57,285 - pyswarms.single.global_best - INFO - Optimization finished | best cost: 1.43562327308605e-18, best pos: [5.4932e-01 3.3722e-01 1.9498e-01 2.6472e-01 4.4290e+02 6.2961e+02
 5.3384e+02 5.1163e+02 3.6980e+01 8.0695e+01 9.1493e+01 5.0833e+01]
2020-04-10 21:34:21,274 - pyswarms.single.global_best - INFO - Optimize for 1000 iters with {'c1': 0.5, 'c2': 0.3, 'w': 0.9}
2020-04-10 21:36:52,048 - pyswarms.single.global_best - INFO - Optimization finished | best cost: 0.0018498367128472167, best pos: [6.6251e-01 5.6086e-01 1.7428e-01 5.7177e-01 5.2269e+02 6.2995e+02
 4.4955e+02 5.3803e+02 4.0790e+01 9.1222e+01 6.2469e+01 5.9369e+01]
2020-04-10 21:50:09,330 - pyswarms.single.global_best - INFO - Optimize for 1000 iters with {'c1': 0.5, 'c2': 0.3, 'w': 0.9}
2020-04-10 21:51:54,608 - pyswarms.single.global_best - INFO - Optimization finished | best cost: 0.008461841098589462, best pos: [6.6660e-01 5.4117e-01 5.7048e-01 9.3790e-01 6.5290e+02 5.0145e+02
 5.7264e+02 4.4314e+02 2.9684e+01 6.8182e+01 7.7097e+01 2.6408e+01]
2020-04-10 22:01:13,802 - pyswarms.single.global_best - INFO - Optimize for 1000 iters with {'c1': 0.5, 'c2': 0.3, 'w': 0.9}
2020-04-10 22:01:55,402 - pyswarms.single.global_best - INFO - Optimization finished | best cost: 1.43562327308605e-18, best pos: [6.8791e-01 6.4607e-01 1.1103e-01 3.3249e-01 6.3161e+02 4.4593e+02
 5.1947e+02 5.6523e+02 2.7883e+01 5.5077e+01 6.0862e+01 7.2771e+01]
2020-04-10 22:03:33,719 - pyswarms.single.global_best - INFO - Optimize for 1000 iters with {'c1': 0.5, 'c2': 0.3, 'w': 0.9}
2020-04-10 22:04:14,885 - pyswarms.single.global_best - INFO - Optimization finished | best cost: 1.43562327308605e-18, best pos: [4.3711e-01 3.8611e-01 5.5316e-01 6.1759e-01 5.5979e+02 4.4133e+02
 6.2984e+02 5.0496e+02 4.4158e+01 2.8023e+01 5.8761e+01 4.2120e+01]
2020-04-12 08:50:40,835 - pyswarms.single.global_best - INFO - Optimize for 1000 iters with {'c1': 0.5, 'c2': 0.3, 'w': 0.9}
2020-04-12 08:53:10,722 - pyswarms.single.global_best - INFO - Optimization finished | best cost: 0.0021648418227762176, best pos: [1.3486e-01 4.2769e-01 4.4581e-01 4.9084e-01 5.2768e+02 4.5114e+02
 6.5054e+02 6.0316e+02 4.8841e+01 4.0788e+01 2.9307e+01 4.4086e+01]
2020-04-15 19:42:35,918 - matplotlib.axes._axes - WARNING - 'c' argument looks like a single numeric RGB or RGBA sequence, which should be avoided as value-mapping will have precedence in case its length matches with 'x' & 'y'.  Please use a 2-D array with a single row if you really want to specify the same RGB or RGBA value for all points.
2020-07-11 01:12:38,980 - pyswarms.single.global_best - INFO - Optimize for 1000 iters with {'c1': 0.5, 'c2': 0.3, 'w': 0.9}
2020-07-11 01:13:31,903 - pyswarms.single.global_best - INFO - Optimization finished | best cost: 0.00028249473929035744, best pos: [6.5813e-01 2.0132e-01 5.3547e-01 6.2244e-01 6.2416e+02 4.6405e+02
 4.4633e+02 5.3602e+02 3.9715e+01 6.2822e+01 4.7941e+01 6.6482e+01]
2020-07-11 01:32:13,909 - pyswarms.single.global_best - INFO - Optimize for 1000 iters with {'c1': 0.5, 'c2': 0.3, 'w': 0.9}
2020-07-11 01:33:25,345 - pyswarms.single.global_best - INFO - Optimization finished | best cost: 4.98272221393235e-05, best pos: [5.7338e-01 3.6469e-01 4.4167e-01 5.5009e-01 4.4475e+02 6.2215e+02
 5.2051e+02 6.5119e+02 1.7196e+01 6.2939e+01 6.6642e+01 3.6511e+01]
