2020-04-09 19:33:10,307 - pyswarms.single.global_best - INFO - Optimize for 1000 iters with {'c1': 0.5, 'c2': 0.3, 'w': 0.9}
2020-04-09 19:41:43,046 - pyswarms.single.global_best - INFO - Optimize for 1000 iters with {'c1': 0.5, 'c2': 0.3, 'w': 0.9}
2020-04-09 20:01:28,901 - pyswarms.single.global_best - INFO - Optimize for 1000 iters with {'c1': 0.5, 'c2': 0.3, 'w': 0.9}
2020-04-09 20:02:44,984 - pyswarms.single.global_best - INFO - Optimize for 1000 iters with {'c1': 0.5, 'c2': 0.3, 'w': 0.9}
2020-04-09 20:05:23,192 - pyswarms.single.global_best - INFO - Optimization finished | best cost: 1.43562327308605e-18, best pos: [5.17013396e-01 5.70847326e-01 6.68672466e-01 5.31672382e-01
 4.49815895e+02 5.20426948e+02 6.19740169e+02 6.11918756e+02
 3.06221501e+01 2.03927011e+01 6.67781067e+01 7.71294413e+01]
2020-04-09 21:04:30,627 - pyswarms.single.global_best - INFO - Optimize for 1000 iters with {'c1': 0.5, 'c2': 0.3, 'w': 0.9}
2020-04-09 21:07:08,721 - pyswarms.single.global_best - INFO - Optimize for 1000 iters with {'c1': 0.5, 'c2': 0.3, 'w': 0.9}
2020-04-09 21:08:15,308 - pyswarms.single.global_best - INFO - Optimize for 1000 iters with {'c1': 0.5, 'c2': 0.3, 'w': 0.9}
2020-04-09 21:12:03,161 - pyswarms.single.global_best - INFO - Optimize for 1000 iters with {'c1': 0.5, 'c2': 0.3, 'w': 0.9}
2020-04-09 21:12:34,059 - pyswarms.single.global_best - INFO - Optimize for 1000 iters with {'c1': 0.5, 'c2': 0.3, 'w': 0.9}
2020-04-09 21:19:40,628 - pyswarms.single.global_best - INFO - Optimize for 1000 iters with {'c1': 0.5, 'c2': 0.3, 'w': 0.9}
2020-04-10 15:17:16,712 - pyswarms.backend.generators - ERROR - generate_swarm() takes an int for n_particles and dimensions and an array for bounds
Traceback (most recent call last):
  File "C:\Python3\miniconda3\envs\py36\lib\site-packages\pyswarms\backend\generators.py", line 82, in generate_swarm
    low=min_bounds, high=max_bounds, size=(n_particles, dimensions)
  File "mtrand.pyx", line 974, in numpy.random.mtrand.RandomState.uniform
  File "common.pyx", line 521, in numpy.random.common.cont
  File "common.pyx", line 433, in numpy.random.common.cont_broadcast_2
TypeError: only integer scalar arrays can be converted to a scalar index
2020-04-10 15:18:33,208 - pyswarms.backend.generators - ERROR - generate_swarm() takes an int for n_particles and dimensions and an array for bounds
Traceback (most recent call last):
  File "C:\Python3\miniconda3\envs\py36\lib\site-packages\pyswarms\backend\generators.py", line 82, in generate_swarm
    low=min_bounds, high=max_bounds, size=(n_particles, dimensions)
  File "mtrand.pyx", line 974, in numpy.random.mtrand.RandomState.uniform
  File "common.pyx", line 521, in numpy.random.common.cont
  File "common.pyx", line 433, in numpy.random.common.cont_broadcast_2
TypeError: only integer scalar arrays can be converted to a scalar index
2020-04-10 15:20:43,062 - pyswarms.single.global_best - INFO - Optimize for 1000 iters with {'c1': 0.5, 'c2': 0.3, 'w': 0.9}
2020-04-10 15:21:44,464 - pyswarms.single.global_best - INFO - Optimize for 1000 iters with {'c1': 0.5, 'c2': 0.3, 'w': 0.9}
2020-04-10 15:25:37,058 - pyswarms.single.global_best - INFO - Optimize for 1000 iters with {'c1': 0.5, 'c2': 0.3, 'w': 0.9}
2020-04-10 15:27:30,793 - pyswarms.single.global_best - INFO - Optimization finished | best cost: 0.016174558636526046, best pos: [6.76576054e-01 3.53750413e-01 2.54567485e-01 5.18960171e-01
 6.63461231e+02 5.25888846e+02 4.31954067e+02 5.62876565e+02
 5.95292225e+01 5.97136524e+01 6.41683688e+01 5.00102171e+01]
2020-04-10 15:42:25,573 - pyswarms.single.global_best - INFO - Optimize for 1000 iters with {'c1': 0.5, 'c2': 0.3, 'w': 0.9}
2020-04-10 16:05:30,584 - pyswarms.single.global_best - INFO - Optimize for 1000 iters with {'c1': 0.5, 'c2': 0.3, 'w': 0.9}
2020-04-10 16:08:28,155 - pyswarms.single.global_best - INFO - Optimize for 1000 iters with {'c1': 0.5, 'c2': 0.3, 'w': 0.9}
2020-04-10 16:08:52,030 - pyswarms.single.global_best - INFO - Optimize for 1000 iters with {'c1': 0.5, 'c2': 0.3, 'w': 0.9}
2020-04-10 16:09:06,318 - pyswarms.single.global_best - INFO - Optimize for 1000 iters with {'c1': 0.5, 'c2': 0.3, 'w': 0.9}
2020-04-10 19:29:28,415 - pyswarms.single.global_best - INFO - Optimize for 1000 iters with {'c1': 0.5, 'c2': 0.3, 'w': 0.9}
2020-04-10 19:30:09,245 - pyswarms.single.global_best - INFO - Optimization finished | best cost: 0.004971637242543064, best pos: [5.38326597e-01 5.81294202e-01 3.70699753e-01 3.06951288e-01
 6.24034990e+02 5.43515275e+02 4.55472825e+02 4.54102909e+02
 3.00205241e+01 3.08055035e+01 5.30275960e+01 8.21862194e+01]
2020-04-10 19:30:09,277 - pyswarms.single.global_best - INFO - Optimize for 1000 iters with {'c1': 0.5, 'c2': 0.3, 'w': 0.9}
2020-04-10 19:30:50,438 - pyswarms.single.global_best - INFO - Optimization finished | best cost: 0.004789619378418661, best pos: [4.31959340e-01 4.98308525e-01 5.72424906e-01 4.27486696e-01
 4.55867460e+02 6.34106507e+02 5.35778743e+02 6.05073502e+02
 5.98486681e+01 3.58731997e+01 2.26527539e+01 4.97610087e+01]
2020-04-10 19:30:50,474 - pyswarms.single.global_best - INFO - Optimize for 1000 iters with {'c1': 0.5, 'c2': 0.3, 'w': 0.9}
2020-04-10 19:31:30,434 - pyswarms.single.global_best - INFO - Optimization finished | best cost: 0.00013131673848967314, best pos: [6.76117465e-01 4.99698684e-01 3.95193096e-01 5.35129332e-01
 4.47413365e+02 6.35170057e+02 5.14268517e+02 5.40262679e+02
 2.68385404e+01 6.39774446e+01 3.49324698e+01 3.93952015e+01]
2020-04-10 19:31:30,468 - pyswarms.single.global_best - INFO - Optimize for 1000 iters with {'c1': 0.5, 'c2': 0.3, 'w': 0.9}
2020-04-10 19:32:02,450 - pyswarms.single.global_best - INFO - Optimization finished | best cost: 0.0012254534705773295, best pos: [4.17913884e-01 5.08343055e-01 5.70183427e-01 7.01879191e-01
 6.33929111e+02 4.51258758e+02 5.26607423e+02 5.99465784e+02
 3.27506921e+01 3.07140839e+01 3.18623335e+01 9.10740696e+01]
2020-04-10 19:32:02,483 - pyswarms.single.global_best - INFO - Optimize for 1000 iters with {'c1': 0.5, 'c2': 0.3, 'w': 0.9}
2020-04-10 19:32:39,436 - pyswarms.single.global_best - INFO - Optimization finished | best cost: 0.01563311482435665, best pos: [6.80166976e-01 4.78668320e-01 5.85690627e-01 5.13112144e-01
 5.31852115e+02 6.52400935e+02 5.52741977e+02 4.23579327e+02
 6.25519770e+01 4.42542008e+01 7.58316512e+01 6.91705547e+01]
2020-04-10 19:32:39,470 - pyswarms.single.global_best - INFO - Optimize for 1000 iters with {'c1': 0.5, 'c2': 0.3, 'w': 0.9}
2020-04-10 19:33:21,001 - pyswarms.single.global_best - INFO - Optimization finished | best cost: 0.0018998350522325032, best pos: [8.80269708e-01 2.62180593e-01 5.33835368e-01 2.48951686e-01
 6.09319823e+02 6.30881522e+02 4.48111745e+02 5.30562362e+02
 4.34273168e+01 2.20385345e+01 4.31670346e+01 3.46194124e+01]
2020-04-10 19:33:21,038 - pyswarms.single.global_best - INFO - Optimize for 1000 iters with {'c1': 0.5, 'c2': 0.3, 'w': 0.9}
2020-04-10 19:34:04,962 - pyswarms.single.global_best - INFO - Optimization finished | best cost: 0.007420715494317754, best pos: [8.64839018e-01 5.65255579e-01 4.32790754e-01 6.07197960e-01
 4.44419094e+02 6.33318617e+02 5.33706708e+02 5.86835792e+02
 6.05851428e+01 3.72465386e+01 3.47666344e+01 5.36371753e+01]
2020-04-10 19:34:04,997 - pyswarms.single.global_best - INFO - Optimize for 1000 iters with {'c1': 0.5, 'c2': 0.3, 'w': 0.9}
2020-04-10 19:34:32,822 - pyswarms.single.global_best - INFO - Optimization finished | best cost: 0.01721507720637368, best pos: [4.90364058e-01 6.47785674e-01 8.99330935e-01 3.62021736e-01
 4.40311457e+02 5.02464202e+02 5.33314562e+02 6.65656815e+02
 3.77604517e+01 8.30882375e+01 8.44672973e+01 5.99767570e+01]
2020-04-10 19:34:44,133 - pyswarms.single.global_best - INFO - Optimize for 1000 iters with {'c1': 0.5, 'c2': 0.3, 'w': 0.9}
2020-04-10 19:37:38,679 - pyswarms.single.global_best - INFO - Optimization finished | best cost: 0.007412012316960689, best pos: [3.81604795e-01 9.92791946e-01 7.08892428e-01 2.09460589e-01
 5.26819020e+02 6.46124102e+02 6.77723687e+02 4.50537241e+02
 4.45873722e+01 8.32069722e+01 7.90672354e+01 3.09233213e+01]
2020-04-10 19:37:38,714 - pyswarms.single.global_best - INFO - Optimize for 1000 iters with {'c1': 0.5, 'c2': 0.3, 'w': 0.9}
2020-04-10 19:40:23,508 - pyswarms.single.global_best - INFO - Optimization finished | best cost: 0.00106270548178998, best pos: [5.73368873e-01 1.98846474e-01 3.73580072e-01 9.99778022e-01
 4.42367447e+02 6.33368608e+02 4.49845429e+02 5.21775744e+02
 4.02378446e+01 8.04872227e+01 2.89384925e+01 3.22646472e+01]
2020-04-10 19:40:23,542 - pyswarms.single.global_best - INFO - Optimize for 1000 iters with {'c1': 0.5, 'c2': 0.3, 'w': 0.9}
2020-04-10 19:42:46,912 - pyswarms.single.global_best - INFO - Optimization finished | best cost: 0.002290539556758512, best pos: [5.11495333e-01 5.20746816e-01 6.48737620e-01 4.12240701e-01
 5.26177915e+02 5.17119204e+02 6.27672279e+02 4.49485674e+02
 1.67017238e+01 7.71406773e+01 6.46663810e+01 3.70875347e+01]
2020-04-10 19:42:46,947 - pyswarms.single.global_best - INFO - Optimize for 1000 iters with {'c1': 0.5, 'c2': 0.3, 'w': 0.9}
2020-04-10 19:44:55,567 - pyswarms.single.global_best - INFO - Optimization finished | best cost: 0.0008150179931450271, best pos: [7.04047894e-01 2.22563729e-01 5.49140218e-01 7.13183492e-01
 6.29824422e+02 5.95483479e+02 4.54240521e+02 5.33094351e+02
 1.82537558e+01 6.72199759e+01 4.27027430e+01 3.10591160e+01]
2020-04-10 19:44:55,601 - pyswarms.single.global_best - INFO - Optimize for 1000 iters with {'c1': 0.5, 'c2': 0.3, 'w': 0.9}
2020-04-10 19:48:04,436 - pyswarms.single.global_best - INFO - Optimization finished | best cost: 0.0006760884901894723, best pos: [5.47566019e-01 7.16915167e-01 6.53310080e-01 4.70107789e-01
 6.38302060e+02 4.77869656e+02 5.35528765e+02 4.37791388e+02
 5.98233768e+01 4.40488251e+01 4.63140511e+01 7.15852409e+00]
2020-04-10 19:48:04,476 - pyswarms.single.global_best - INFO - Optimize for 1000 iters with {'c1': 0.5, 'c2': 0.3, 'w': 0.9}
2020-04-10 19:49:52,382 - pyswarms.single.global_best - INFO - Optimization finished | best cost: 0.007658750536119661, best pos: [6.27003390e-01 3.00887828e-01 4.05804532e-01 4.63728401e-01
 5.56932545e+02 6.33671760e+02 4.53596047e+02 5.48847778e+02
 3.53468550e+01 1.86872911e+01 7.22664832e+01 7.59364170e+01]
2020-04-10 19:49:52,416 - pyswarms.single.global_best - INFO - Optimize for 1000 iters with {'c1': 0.5, 'c2': 0.3, 'w': 0.9}
2020-04-10 19:52:16,508 - pyswarms.single.global_best - INFO - Optimization finished | best cost: 0.004108107058515456, best pos: [3.16151247e-01 7.61432588e-01 5.91473612e-01 3.16889165e-01
 4.52201826e+02 6.33485146e+02 5.21768906e+02 5.45895361e+02
 5.10333734e+01 5.24568143e+01 1.01939071e+01 3.66764315e+01]
2020-04-10 19:52:16,541 - pyswarms.single.global_best - INFO - Optimize for 1000 iters with {'c1': 0.5, 'c2': 0.3, 'w': 0.9}
2020-04-10 19:54:58,449 - pyswarms.single.global_best - INFO - Optimization finished | best cost: 0.009188320508496627, best pos: [5.24795080e-01 4.72996121e-01 7.39835613e-01 5.45241245e-01
 6.36876229e+02 4.63349908e+02 5.49723026e+02 5.71867967e+02
 2.76321559e+01 6.94075224e+01 2.59405886e+01 5.50678710e+01]
2020-04-10 19:56:31,497 - pyswarms.single.global_best - INFO - Optimize for 1000 iters with {'c1': 0.5, 'c2': 0.3, 'w': 0.9}
2020-04-10 19:57:15,404 - pyswarms.single.global_best - INFO - Optimization finished | best cost: 0.008161691150751845, best pos: [5.68484556e-01 2.49825575e-01 4.61426889e-01 6.50844503e-01
 4.60537838e+02 4.56923381e+02 6.18852437e+02 5.41076937e+02
 7.91582057e+01 6.29378669e+01 3.27802435e+01 1.87023370e+01]
2020-04-10 20:02:14,325 - pyswarms.single.global_best - INFO - Optimize for 1000 iters with {'c1': 0.5, 'c2': 0.3, 'w': 0.9}
2020-04-10 20:02:48,050 - pyswarms.single.global_best - INFO - Optimize for 1000 iters with {'c1': 0.5, 'c2': 0.3, 'w': 0.9}
2020-04-10 20:03:05,575 - pyswarms.single.global_best - INFO - Optimize for 1000 iters with {'c1': 0.5, 'c2': 0.3, 'w': 0.9}
2020-04-10 20:03:19,248 - pyswarms.single.global_best - INFO - Optimize for 1000 iters with {'c1': 0.5, 'c2': 0.3, 'w': 0.9}
2020-04-10 20:03:37,885 - pyswarms.single.global_best - INFO - Optimize for 1000 iters with {'c1': 0.5, 'c2': 0.3, 'w': 0.9}
2020-04-10 20:05:00,643 - pyswarms.single.global_best - INFO - Optimize for 1000 iters with {'c1': 0.5, 'c2': 0.3, 'w': 0.9}
2020-04-10 20:05:43,329 - pyswarms.single.global_best - INFO - Optimize for 1000 iters with {'c1': 0.5, 'c2': 0.3, 'w': 0.9}
2020-04-10 20:10:11,587 - pyswarms.single.global_best - INFO - Optimize for 1000 iters with {'c1': 0.5, 'c2': 0.3, 'w': 0.9}
2020-04-10 21:13:42,221 - pyswarms.single.global_best - INFO - Optimize for 1000 iters with {'c1': 0.5, 'c2': 0.3, 'w': 0.9}
2020-04-10 21:14:02,068 - pyswarms.single.global_best - INFO - Optimize for 1000 iters with {'c1': 0.5, 'c2': 0.3, 'w': 0.9}
2020-04-10 21:17:04,691 - pyswarms.single.global_best - INFO - Optimization finished | best cost: 0.0004233270232279629, best pos: [8.19781737e-01 5.84733545e-01 5.74072129e-01 3.77192364e-01
 5.31457127e+02 5.47177730e+02 4.50414173e+02 6.27336872e+02
 5.68508295e+01 7.30258594e+01 6.61997358e+01 4.68398268e+01]
2020-04-10 22:02:10,378 - pyswarms.single.global_best - INFO - Optimize for 1000 iters with {'c1': 0.5, 'c2': 0.3, 'w': 0.9}
2020-04-10 22:05:47,043 - pyswarms.single.global_best - INFO - Optimize for 1000 iters with {'c1': 0.5, 'c2': 0.3, 'w': 0.9}
2020-04-10 22:06:47,239 - pyswarms.single.global_best - INFO - Optimize for 1000 iters with {'c1': 0.5, 'c2': 0.3, 'w': 0.9}
2020-04-10 22:09:48,837 - pyswarms.single.global_best - INFO - Optimization finished | best cost: 3.276528531939736e-06, best pos: [4.89887226e-01 5.02169668e-01 5.03341691e-01 6.13385177e-01
 5.28429666e+02 5.32946617e+02 4.46929692e+02 6.23558998e+02
 6.03264183e+01 6.85971545e+01 5.59188062e+01 5.41827994e+01]
2020-04-10 22:09:48,876 - pyswarms.single.global_best - INFO - Optimize for 1000 iters with {'c1': 0.5, 'c2': 0.3, 'w': 0.9}
2020-04-10 22:11:35,467 - pyswarms.single.global_best - INFO - Optimization finished | best cost: 0.006872041505596973, best pos: [8.07454484e-01 3.14570572e-01 4.07978123e-01 5.03760731e-01
 5.56800068e+02 4.98175905e+02 4.38278583e+02 6.37774665e+02
 5.00671361e+01 9.17140568e+01 5.36925346e+01 4.82906284e+01]
2020-04-10 22:11:35,502 - pyswarms.single.global_best - INFO - Optimize for 1000 iters with {'c1': 0.5, 'c2': 0.3, 'w': 0.9}
2020-04-10 22:14:16,098 - pyswarms.single.global_best - INFO - Optimization finished | best cost: 0.000917799987113363, best pos: [4.24512788e-01 6.79998096e-01 5.59628815e-01 5.75048832e-02
 5.34209388e+02 4.52600689e+02 6.25424175e+02 6.21652335e+02
 5.00832770e+01 6.29783724e+01 4.01435209e+01 6.87937321e+01]
2020-04-10 22:14:16,136 - pyswarms.single.global_best - INFO - Optimize for 1000 iters with {'c1': 0.5, 'c2': 0.3, 'w': 0.9}
2020-04-10 22:16:53,524 - pyswarms.single.global_best - INFO - Optimization finished | best cost: 0.0029469517982543512, best pos: [7.84261062e-02 6.81551649e-01 4.16890376e-01 7.81271544e-01
 5.59853373e+02 4.46794098e+02 6.27002207e+02 5.35828477e+02
 3.06122944e+01 7.88055497e+01 3.25126369e+01 8.07872975e+01]
2020-04-10 22:16:53,561 - pyswarms.single.global_best - INFO - Optimize for 1000 iters with {'c1': 0.5, 'c2': 0.3, 'w': 0.9}
2020-04-10 22:19:30,433 - pyswarms.single.global_best - INFO - Optimization finished | best cost: 2.898571222360823e-05, best pos: [3.30597743e-01 2.84303782e-01 3.40955713e-01 2.27903498e-01
 6.34753236e+02 4.40484923e+02 5.16860512e+02 5.99345426e+02
 6.03461384e+01 2.57989269e+01 8.57571684e+01 9.43190374e+01]
2020-04-10 22:19:30,509 - pyswarms.single.global_best - INFO - Optimize for 1000 iters with {'c1': 0.5, 'c2': 0.3, 'w': 0.9}
2020-04-10 22:21:29,226 - pyswarms.single.global_best - INFO - Optimization finished | best cost: 0.00021094146777297584, best pos: [2.42174741e-01 6.22293095e-01 2.43779768e-01 4.15391599e-01
 4.44653070e+02 6.22270236e+02 6.39937258e+02 5.31787795e+02
 4.67301557e+01 5.38345152e+01 2.43355360e+01 9.05824687e+01]
2020-04-10 22:21:29,264 - pyswarms.single.global_best - INFO - Optimize for 1000 iters with {'c1': 0.5, 'c2': 0.3, 'w': 0.9}
2020-04-10 22:23:39,293 - pyswarms.single.global_best - INFO - Optimization finished | best cost: 0.0011973221579693392, best pos: [5.56351856e-01 4.73883459e-01 5.99947000e-01 6.62467889e-02
 6.25808737e+02 4.52025532e+02 6.50473946e+02 5.35056536e+02
 5.31218754e+01 5.81238089e+01 7.26814922e+01 6.14163704e+01]
2020-04-10 22:23:39,335 - pyswarms.single.global_best - INFO - Optimize for 1000 iters with {'c1': 0.5, 'c2': 0.3, 'w': 0.9}
2020-04-10 22:26:19,254 - pyswarms.single.global_best - INFO - Optimization finished | best cost: 2.8435979643215772e-05, best pos: [3.59490974e-01 6.52089309e-01 1.01021544e-01 8.22472689e-01
 4.45118346e+02 6.25519268e+02 5.42370762e+02 5.14031438e+02
 2.81217786e+01 6.52302642e+01 5.02496180e+01 7.99566032e+01]
2020-04-12 06:58:58,117 - pyswarms.single.global_best - INFO - Optimize for 1000 iters with {'c1': 0.5, 'c2': 0.3, 'w': 0.9}
2020-04-12 06:59:47,829 - pyswarms.single.global_best - INFO - Optimization finished | best cost: 2.4625964317151417e-06, best pos: [5.10979887e-01 3.16332129e-01 2.43462196e-01 7.61307962e-01
 6.31130987e+02 5.36504444e+02 4.49282536e+02 6.24480945e+02
 5.30661891e+01 8.02438156e+01 5.76232629e+01 2.47139924e+01]
2020-04-12 07:03:49,561 - pyswarms.single.global_best - INFO - Optimize for 1000 iters with {'c1': 0.5, 'c2': 0.3, 'w': 0.9}
2020-04-12 07:04:35,620 - pyswarms.single.global_best - INFO - Optimization finished | best cost: 1.43562327308605e-18, best pos: [5.73886953e-01 6.91099319e-01 4.00821791e-01 6.79320007e-01
 6.16654753e+02 5.34339224e+02 4.47226979e+02 5.12112596e+02
 7.19134723e+01 4.29407539e+01 3.91359929e+01 3.64862906e+01]
2020-04-12 09:30:13,443 - pyswarms.single.global_best - INFO - Optimize for 1000 iters with {'c1': 0.5, 'c2': 0.3, 'w': 0.9}
2020-04-12 09:32:31,859 - pyswarms.single.global_best - INFO - Optimize for 1000 iters with {'c1': 0.5, 'c2': 0.3, 'w': 0.9}
